hp-check[15117]: info: :
Initializing. Please wait...
Gentoo

n/a

scheduler is running

1.5.3

Linux lorien 3.4.4 #1 SMP Mon Jul 2 09:03:41 CEST 2012 x86_64 Intel(R) Core(TM) i7-2630QM CPU @ 2.00GHz GenuineIntel GNU/Linux

warning: [01mgentoo-n/a version is not supported. Using gentoo-any versions dependencies to verify and install...[0m
hp-check[15117]: info: :
hp-check[15117]: info: :---------------
hp-check[15117]: info: :| SYSTEM INFO |
hp-check[15117]: info: :---------------
hp-check[15117]: info: :
3.4.4 #1 SMP Mon Jul 2 09:03:41 CEST 2012 GNU/Linux

lorien

3.4.4 #1 SMP Mon Jul 2 09:03:41 CEST 2012 GNU/Linux

hp-check[15117]: info: : Kernel: 3.4.4 #1 SMP Mon Jul 2 09:03:41 CEST 2012 GNU/Linux
 Host: lorien
 Proc: 3.4.4 #1 SMP Mon Jul 2 09:03:41 CEST 2012 GNU/Linux
 Distribution: gentoo n/a
hp-check[15117]: info: :
hp-check[15117]: info: :-----------------------
hp-check[15117]: info: :| HPLIP CONFIGURATION |
hp-check[15117]: info: :-----------------------
hp-check[15117]: info: :
hp-check[15117]: info: :HPLIP-Version: HPLIP 3.12.6
hp-check[15117]: info: :HPLIP-Home: /usr/share/hplip
warning: HPLIP-Installation: Auto installation is not supported for gentoo distro  n/a version 
hp-check[15117]: info: :
hp-check[15117]: info: :[01mCurrent contents of '/etc/hp/hplip.conf' file:[0m
hp-check[15117]: info: :# hplip.conf.  Generated from hplip.conf.in by configure.

[hplip]
version=3.12.6

[dirs]
home=/usr/share/hplip
run=/var/run
ppd=/usr/share/ppd/HP
ppdbase=/usr/share/ppd
doc=/usr/share/doc/hplip-3.12.6
html=/usr/share/doc/hplip-3.12.6/html
icon=/usr/share/applications
cupsbackend=/usr/libexec/cups/backend
cupsfilter=/usr/libexec/cups/filter
drv=/usr/share/cups/drv/hp

# Following values are determined at configure time and cannot be changed.
[configure]
network-build=no
libusb01-build=no
pp-build=no
gui-build=yes
scanner-build=yes
fax-build=yes
dbus-build=yes
cups11-build=no
doc-build=no
shadow-build=no
hpijs-install=yes
foomatic-drv-install=yes
foomatic-ppd-install=no
foomatic-rip-hplip-install=no
hpcups-install=yes
cups-drv-install=yes
cups-ppd-install=no
internal-tag=3.12.6
restricted-build=no
ui-toolkit=qt4
qt3=no
qt4=yes
policy-kit=no
hpijs-only-build=no
lite-build=no
udev-acl-rules=no
udev_sysfs_rules=no
hpcups-only-build=no
hpijs-only-build=no

hp-check[15117]: info: :
hp-check[15117]: info: :[01mCurrent contents of '/var/lib/hp/hplip.state' file:[0m
hp-check[15117]: info: :Plugins are not installed. Could not access file: No such file or directory
hp-check[15117]: info: :
hp-check[15117]: info: :[01mCurrent contents of '~/.hplip/hplip.conf' file:[0m
warning: Could not access file: No such file or directory
hp-check[15117]: info: : <Package-name>        <Package-Desc>      <Required/Optional> <Min-Version> <Installed-Version> <Status>   <Comment>
hp-check[15117]: info: :
hp-check[15117]: info: :--------------------------
hp-check[15117]: info: :|  External Dependencies |
hp-check[15117]: info: :--------------------------
hp-check[15117]: info: :
hp-check[15117]: info: : gs                   Ghostscript               REQUIRED        7.05            9.05            OK         -
hp-check[15117]: info: : network              Network-wget              OPTIONAL        -               -               OK         -
hp-check[15117]: info: : dbus                 DBus                      REQUIRED        -               1.6.2           OK         -
hp-check[15117]: info: : scanimage            Shell-Scanning            OPTIONAL        1.0             1.0.22          OK         -
hp-check[15117]: info: :[31;01m error: policykit     Admin-Policy-framework    OPTIONAL        -               -               MISSING    'policykit needs to be installed'[0m
hp-check[15117]: info: : xsane                SANE-GUI                  OPTIONAL        0.9             0.998           OK         -
scheduler is running

hp-check[15117]: info: : cups                 CUPS                      REQUIRED        1.1             1.5.3           OK         'CUPS Scheduler is running'
hp-check[15117]: info: :
hp-check[15117]: info: :-------------------------
hp-check[15117]: info: :|  General Dependencies |
hp-check[15117]: info: :-------------------------
hp-check[15117]: info: :
hp-check[15117]: info: : reportlab            Python-PDF-Lib            OPTIONAL        2.0             2.5             OK         -
hp-check[15117]: info: : libcrypto            OpenSSL-Crypto-Lib        REQUIRED        -               1.0.1           OK         -
hp-check[15117]: info: : pil                  Python-Image-Lib          OPTIONAL        -               1.1.7           OK         -
hp-check[15117]: info: : pyqt4-dbus           PyQt4-DBUS                REQUIRED        4.0             4.9.4           OK         -
hp-check[15117]: info: : libjpeg              JPEG-Lib                  REQUIRED        -               -               OK         -
hp-check[15117]: info: : libpthread           POSIX-Threads-Lib         REQUIRED        -               2.13            OK         -
hp-check[15117]: info: : python-dbus          Python-DBUS               REQUIRED        0.80.0          1.1.1           OK         -
hp-check[15117]: info: : python-devel         Python-SDK                REQUIRED        2.2             2.7.3           OK         -
hp-check[15117]: info: : pyqt4                Python-Qt4                REQUIRED        4.0             4.9.4           OK         -
hp-check[15117]: info: : cups-devel           CUPS-SDK                  REQUIRED        -               1.5.3           OK         -
hp-check[15117]: info: : sane-devel           SANE-SDK                  REQUIRED        -               1.0.22          OK         -
hp-check[15117]: info: : libusb               USB-Lib                   REQUIRED        -               1.0             OK         -
hp-check[15117]: info: : sane                 Scan-Lib                  REQUIRED        -               1.0.22          OK         -
hp-check[15117]: info: : cups-image           CUPS-Image-Lib            REQUIRED        -               1.5.3           OK         -
hp-check[15117]: info: :[31;01m error: libnetsnmp-devel SNMP-Networking-SDK       REQUIRED        5.0.9           -               MISSING    'libnetsnmp-devel needs to be installed'[0m
hp-check[15117]: info: : python-xml           Python-XML-Lib            REQUIRED        -               2.1.0           OK         -
hp-check[15117]: info: : python-notify        Desktop-notifications     OPTIONAL        -               -               OK         -
hp-check[15117]: info: :
hp-check[15117]: info: :------------------------------
hp-check[15117]: info: :|  Compile Time Dependencies |
hp-check[15117]: info: :------------------------------
hp-check[15117]: info: :
hp-check[15117]: info: : gcc                  gcc-Compiler              REQUIRED        -               4.6.2           OK         -
hp-check[15117]: info: : libtool              Build-tools               REQUIRED        -               2.4.2           OK         -
hp-check[15117]: info: : make                 GNU-Build-tools           REQUIRED        3.0             3.82            OK         -
hp-check[15117]: info: :
hp-check[15117]: info: :----------------------
hp-check[15117]: info: :|  Python Extentions |
hp-check[15117]: info: :----------------------
hp-check[15117]: info: :
hp-check[15117]: info: : cupsext              CUPS-Extension            REQUIRED        -               3.12.6          OK         -
hp-check[15117]: info: : pcardext             PhotoCard-Extension       REQUIRED        -               3.12.6          OK         -
hp-check[15117]: info: : hpmudext             IO-Extension              REQUIRED        -               3.12.6          OK         -
hp-check[15117]: info: :
hp-check[15117]: info: :-----------------------
hp-check[15117]: info: :|  Scan Configuration |
hp-check[15117]: info: :-----------------------
hp-check[15117]: info: :
hp-check[15117]: info: : hpaio                HPLIP-SANE-Backend        REQUIRED        -               3.12.6          OK         'hpaio found in /etc/sane.d/dll.conf'
hp-check[15117]: info: : scanext              Scan-SANE-Extension       REQUIRED        -               3.12.6          OK         -
hp-check[15117]: info: :
hp-check[15117]: info: :------------------------------
hp-check[15117]: info: :| DISCOVERED SCANNER DEVICES |
hp-check[15117]: info: :------------------------------
hp-check[15117]: info: :
hp-check[15117]: info: :device `v4l:/dev/video0' is a Noname Laptop_Integrated_Webcam_FHD virtual device

hp-check[15117]: info: :
hp-check[15117]: info: :--------------------------
hp-check[15117]: info: :| DISCOVERED USB DEVICES |
hp-check[15117]: info: :--------------------------
hp-check[15117]: info: :
hp-check[15117]: info: :  Device URI                                            Model                                               
hp-check[15117]: info: :  ----------------------------------------------------  ----------------------------------------------------
hp-check[15117]: info: :  hp:/usb/DeskJet_1220C?serial=MY1A8330QS0O             HP DeskJet 1220C                                    
hp-check[15117]: info: :
hp-check[15117]: info: :---------------------------------
hp-check[15117]: info: :| INSTALLED CUPS PRINTER QUEUES |
hp-check[15117]: info: :---------------------------------
hp-check[15117]: info: :
hp-check[15117]: info: :
hp-check[15117]: info: :[01mDeskJet_1220C[0m
hp-check[15117]: info: :[01m-------------[0m
hp-check[15117]: info: :Type: Printer
hp-check[15117]: info: :Device URI: hp:/usb/DeskJet_1220C?serial=MY1A8330QS0O
hp-check[15117]: info: :PPD: /etc/cups/ppd/DeskJet_1220C.ppd
hp-check[15117]: info: :PPD Description: HP Deskjet 1220c, hpcups 3.12.6
hp-check[15117]: info: :Printer status: printer DeskJet_1220C now printing DeskJet_1220C-252.  enabled since Tue 10 Jul 2012 03:16:12 PM CEST	/usr/libexec/cups/backend/hp failed
hp-check[15117]: info: :Communication status: Good
hp-check[15117]: info: :
hp-check[15117]: info: :[01mHP_Color_LaserJet_2605dn[0m
hp-check[15117]: info: :[01m------------------------[0m
hp-check[15117]: info: :Type: Unknown
hp-check[15117]: info: :Device URI: socket://10.0.0.200
hp-check[15117]: info: :PPD: /etc/cups/ppd/HP_Color_LaserJet_2605dn.ppd
hp-check[15117]: info: :PPD Description: HP Color LaserJet 2605dn Foomatic/Postscript
hp-check[15117]: info: :Printer status: printer HP_Color_LaserJet_2605dn is idle.  enabled since Fri 06 Jul 2012 05:11:24 PM CEST	The printer is unreachable at this time.
warning: Printer is not HPLIP installed. Printers must use the hp: or hpfax: CUPS backend for HP-Devices.
hp-check[15117]: info: :
hp-check[15117]: info: :[01mHP_Color_LaserJet_CP2025dn[0m
hp-check[15117]: info: :[01m--------------------------[0m
hp-check[15117]: info: :Type: Unknown
hp-check[15117]: info: :Device URI: socket://10.0.0.201
hp-check[15117]: info: :PPD: /etc/cups/ppd/HP_Color_LaserJet_CP2025dn.ppd
hp-check[15117]: info: :PPD Description: HP Color LaserJet cp2025dn pcl3, hpcups 3.12.2
hp-check[15117]: info: :Printer status: printer HP_Color_LaserJet_CP2025dn is idle.  enabled since Fri 06 Jul 2012 05:14:38 PM CEST	Ready to print.
warning: Printer is not HPLIP installed. Printers must use the hp: or hpfax: CUPS backend for HP-Devices.
hp-check[15117]: info: :
hp-check[15117]: info: :
hp-check[15117]: info: :--------------
hp-check[15117]: info: :| PERMISSION |
hp-check[15117]: info: :--------------
hp-check[15117]: info: :
root bin daemon sys adm disk wheel floppy tape video

hp-check[15117]: info: :[31;01merror: groups   user-groups                    Required        -        -        MISSING  ['lp'][0m
hp-check[15117]: info: :USB             DeskJet_1220C                  Required        -        -        OK       Node:'/proc/bus/usb/003/006' Perm:'  root  usb rw- rw- r--'
hp-check[15117]: info: :
hp-check[15117]: info: :-----------
hp-check[15117]: info: :| SUMMARY |
hp-check[15117]: info: :-----------
hp-check[15117]: info: :
hp-check[15117]: info: :[01mMissing Required Dependencies[0m
hp-check[15117]: info: :[01m-----------------------------[0m
error: 'libnetsnmp-devel' package is missing/incompatible 
hp-check[15117]: info: :
hp-check[15117]: info: :[01mMissing Optional Dependencies[0m
hp-check[15117]: info: :[01m-----------------------------[0m
error: 'policykit' package is missing/incompatible 
hp-check[15117]: info: :
hp-check[15117]: info: :
hp-check[15117]: info: :Total Errors: 5
hp-check[15117]: info: :Total Warnings: 1
hp-check[15117]: info: :
hp-check[15117]: info: :Re-run 'hp-check --fix' command to prompt and fix the issues. 
hp-check[15117]: info: :
hp-check[15117]: info: :Done.
